<?xml version="1.0" encoding="UTF-8"?>
<!-- Generated by org.testng.reporters.JUnitXMLReporter -->
<testsuite ignored="2" hostname="DESKTOP-K8P4MC5" failures="0" tests="2" name="sms-1" time="15.015" errors="0" timestamp="2024-01-23T13:32:35 IST">
  <testcase classname="adim.LeaveStudent_PomClassTest" name="leaveStudent" time="2.296"/>
  <testcase classname="adim.AllStudent_PomClassTest" name="allStudents" time="2.272"/>
  <testcase classname="com.genericUtilities.BaseClass" name="@BeforeSuite Config_Bs" time="0.0">
    <ignored/>
  </testcase> <!-- @BeforeSuite Config_Bs -->
  <testcase classname="com.genericUtilities.BaseClass" name="@AfterSuite config_As" time="0.0">
    <ignored/>
  </testcase> <!-- @AfterSuite config_As -->
</testsuite> <!-- sms-1 -->
